0 info it worked if it ends with ok
1 verbose cli [ 'C:\\Program Files\\nodejs\\node.exe',
1 verbose cli   'C:\\Program Files\\nodejs\\node_modules\\npm\\bin\\npm-cli.js',
1 verbose cli   'run',
1 verbose cli   'build',
1 verbose cli   'index.js' ]
2 info using npm@3.10.10
3 info using node@v6.10.0
4 verbose run-script [ 'prebuild', 'build', 'postbuild' ]
5 info lifecycle babbel@1.0.0~prebuild: babbel@1.0.0
6 silly lifecycle babbel@1.0.0~prebuild: no script for prebuild, continuing
7 info lifecycle babbel@1.0.0~build: babbel@1.0.0
8 verbose lifecycle babbel@1.0.0~build: unsafe-perm in lifecycle true
9 verbose lifecycle babbel@1.0.0~build: PATH: C:\Program Files\nodejs\node_modules\npm\bin\node-gyp-bin;C:\Users\kyle\Documents\school\leer_jaar2\peeriode2\R-D\Babbel\node_modules\.bin;C:\Users\kyle\AppData\Roaming\npm;C:\Program Files\nodejs\;C:\ProgramData\Oracle\Java\javapath;C:\Program Files (x86)\Intel\iCLS Client\;C:\Program Files\Intel\iCLS Client\;C:\WINDOWS\system32;C:\WINDOWS;C:\WINDOWS\System32\Wbem;C:\WINDOWS\System32\WindowsPowerShell\v1.0\;C:\Program Files\Intel\Intel(R) Management Engine Components\DAL;C:\Program Files\Intel\Intel(R) Management Engine Components\IPT;C:\Program Files (x86)\Intel\Intel(R) Management Engine Components\DAL;C:\Program Files (x86)\Intel\Intel(R) Management Engine Components\IPT;C:\Program Files (x86)\Brackets\command;C:\Program Files (x86)\QuickTime\QTSystem\;C:\wamp\bin\php\php5.6.15;C:\ProgramData\ComposerSetup\bin;C:\Program Files (x86)\Skype\Phone\;C:\Program Files\MySQL\MySQL Utilities 1.6\;C:\Program Files\nodejs\;C:\Ruby23\bin;C:\wamp\www;C:\Users\kyle\AppData\Roaming\Composer\vendor\bin;C:\Users\kyle\AppData\Local\atom\bin;C:\Users\kyle\AppData\Local\Microsoft\WindowsApps;C:\Users\kyle\AppData\Roaming\npm
10 verbose lifecycle babbel@1.0.0~build: CWD: C:\Users\kyle\Documents\school\leer_jaar2\peeriode2\R-D\Babbel
11 silly lifecycle babbel@1.0.0~build: Args: [ '/d /s /c', 'babel src -d lib "index.js"' ]
12 silly lifecycle babbel@1.0.0~build: Returned: code: 2  signal: null
13 info lifecycle babbel@1.0.0~build: Failed to exec build script
14 verbose stack Error: babbel@1.0.0 build: `babel src -d lib "index.js"`
14 verbose stack Exit status 2
14 verbose stack     at EventEmitter.<anonymous> (C:\Program Files\nodejs\node_modules\npm\lib\utils\lifecycle.js:255:16)
14 verbose stack     at emitTwo (events.js:106:13)
14 verbose stack     at EventEmitter.emit (events.js:191:7)
14 verbose stack     at ChildProcess.<anonymous> (C:\Program Files\nodejs\node_modules\npm\lib\utils\spawn.js:40:14)
14 verbose stack     at emitTwo (events.js:106:13)
14 verbose stack     at ChildProcess.emit (events.js:191:7)
14 verbose stack     at maybeClose (internal/child_process.js:877:16)
14 verbose stack     at Process.ChildProcess._handle.onexit (internal/child_process.js:226:5)
15 verbose pkgid babbel@1.0.0
16 verbose cwd C:\Users\kyle\Documents\school\leer_jaar2\peeriode2\R-D\Babbel
17 error Windows_NT 10.0.14393
18 error argv "C:\\Program Files\\nodejs\\node.exe" "C:\\Program Files\\nodejs\\node_modules\\npm\\bin\\npm-cli.js" "run" "build" "index.js"
19 error node v6.10.0
20 error npm  v3.10.10
21 error code ELIFECYCLE
22 error babbel@1.0.0 build: `babel src -d lib "index.js"`
22 error Exit status 2
23 error Failed at the babbel@1.0.0 build script 'babel src -d lib "index.js"'.
23 error Make sure you have the latest version of node.js and npm installed.
23 error If you do, this is most likely a problem with the babbel package,
23 error not with npm itself.
23 error Tell the author that this fails on your system:
23 error     babel src -d lib "index.js"
23 error You can get information on how to open an issue for this project with:
23 error     npm bugs babbel
23 error Or if that isn't available, you can get their info via:
23 error     npm owner ls babbel
23 error There is likely additional logging output above.
24 verbose exit [ 1, true ]
